(Not set):1   {         Processing option `-M35'
(Not set):1   {         Math option = 35 x=35
(Not set):1   {         Math option g_equation_display_rtf    = 1
(Not set):1   {         Math option g_equation_inline_rtf     = 1
(Not set):1   {         Math option g_equation_display_bitmap = 0
(Not set):1   {         Math option g_equation_inline_bitmap  = 0
(Not set):1   {         Math option g_equation_comment        = 0
(Not set):1   {         Math option g_equation_raw_latex      = 1
(Not set):1   {         Math option g_equation_display_eps    = 0
(Not set):1   {         Math option g_equation_inline_eps     = 0
(Not set):1   {         Processing option `-S'
(Not set):1   {         Processing option `-W'
(Not set):1   {         Processing option `-o'
(Not set):1   {         Processing option `-'
(Not set):1   
(Not set):1    rec=1 {         PushFontSettings depth= 1, family= 0, size= 0, shape= 0, series= 0, encoding= 0
(Not set):1    rec=1 {         
MonitorFont \plain\cf2 [latex2rtf:

(Not set):1    rec=1 {         MonitorFont before depth=1, family=0, size=0, shape=0, series=0
(Not set):1    rec=1 {         MonitorFont after depth=1, family=0, size=0, shape=0, series=0
(Not set):1    rec=1 {         
MonitorFont \cf2 [latex2rtf:

(Not set):1    rec=1 {         MonitorFont before depth=1, family=0, size=0, shape=0, series=0
(Not set):1    rec=1 {         MonitorFont after depth=1, family=0, size=0, shape=0, series=0
(Not set):1    rec=1 {         TeX mode changing from [vertical] -> [horizontal]
(Not set):1    rec=1 {         CurrentFontFamily -- family=0
(Not set):1    rec=1 {         CurrentFontSize -- size=0
(Not set):1    rec=1 {         CurrentFontSeries -- series=0
(Not set):1    rec=1 {         CurrentFontShape -- shape=0
(Not set):1   {         using style = 'Normal'
(Not set):1    rec=1 {         PARAGRAPH_GENERIC
(Not set):1    rec=1 {         Encountered StartParagraph() in preamble
(Not set):1    rec=1 {         PopFontSettings  depth= 0, family= 0, size= 0, shape= 0, series= 0, encoding= 0Only a single file can be processed at a time
(Not set):1   Error!  Type "latex2rtf -h" for help
